#
# There is insufficient memory for the Java Runtime Environment to continue.
# Native memory allocation (malloc) failed to allocate 969776 bytes for Chunk::new
# Possible reasons:
#   The system is out of physical RAM or swap space
#   The process is running with CompressedOops enabled, and the Java Heap may be blocking the growth of the native heap
# Possible solutions:
#   Reduce memory load on the system
#   Increase physical memory or swap space
#   Check if swap backing store is full
#   Decrease Java heap size (-Xmx/-Xms)
#   Decrease number of Java threads
#   Decrease Java thread stack sizes (-Xss)
#   Set larger code cache with -XX:ReservedCodeCacheSize=
#   JVM is running with Zero Based Compressed Oops mode in which the Java heap is
#     placed in the first 32GB address space. The Java Heap base address is the
#     maximum limit for the native heap growth. Please use -XX:HeapBaseMinAddress
#     to set the Java Heap base and to place the Java Heap above 32GB virtual address.
# This output file may be truncated or incomplete.
#
#  Out of Memory Error (arena.cpp:184), pid=4680, tid=1172
#
# JRE version: Java(TM) SE Runtime Environment (18.0.1+10) (build 18.0.1+10-24)
# Java VM: Java HotSpot(TM) 64-Bit Server VM (18.0.1+10-24, mixed mode, sharing, tiered, compressed oops, compressed class ptrs, g1 gc, windows-amd64)
# No core dump will be written. Minidumps are not enabled by default on client versions of Windows
#

---------------  S U M M A R Y ------------

Command Line: -javaagent:C:\Program Files\JetBrains\IntelliJ IDEA Community Edition 2023.1.3\lib\idea_rt.jar=56207:C:\Program Files\JetBrains\IntelliJ IDEA Community Edition 2023.1.3\bin -Dfile.encoding=UTF-8 -Dsun.stdout.encoding=UTF-8 -Dsun.stderr.encoding=UTF-8 com.luan.controleestoque.ControleestoqueApplication

Host: Intel(R) Core(TM) i5-7400 CPU @ 3.00GHz, 4 cores, 11G,  Windows 10 , 64 bit Build 19041 (10.0.19041.3031)
Time: Sat Jul  1 18:31:35 2023 Hora oficial do Brasil elapsed time: 377.557731 seconds (0d 0h 6m 17s)

---------------  T H R E A D  ---------------

Current thread (0x000002d5ff9f8f80):  JavaThread "C2 CompilerThread0" daemon [_thread_in_native, id=1172, stack(0x000000d962d00000,0x000000d962e00000)]


Current CompileTask:
C2: 377557 12038       4       java.util.regex.Pattern::compile (500 bytes)

Stack: [0x000000d962d00000,0x000000d962e00000]
Native frames: (J=compiled Java code, j=interpreted, Vv=VM code, C=native code)
V  [jvm.dll+0x69887a]
V  [jvm.dll+0x7f38bd]
V  [jvm.dll+0x7f51ce]
V  [jvm.dll+0x7f5883]
V  [jvm.dll+0x25ca3f]
V  [jvm.dll+0xb8c2f]
V  [jvm.dll+0xb8fa5]
V  [jvm.dll+0x385a6b]
V  [jvm.dll+0x34f811]
V  [jvm.dll+0x34ecaa]
V  [jvm.dll+0x22fc21]
V  [jvm.dll+0x22eff1]
V  [jvm.dll+0x1b9cfc]
V  [jvm.dll+0x23e8ca]
V  [jvm.dll+0x23cbb5]
V  [jvm.dll+0x7a5fb1]
V  [jvm.dll+0x7a03ea]
V  [jvm.dll+0x697725]
C  [ucrtbase.dll+0x21bb2]
C  [KERNEL32.DLL+0x17614]
C  [ntdll.dll+0x526f1]


---------------  P R O C E S S  ---------------

Threads class SMR info:
_java_thread_list=0x000002d58abde300, length=34, elements={
0x000002d5ff9da640, 0x000002d5ff9db1b0, 0x000002d5ff9f5580, 0x000002d5ff9f7240,
0x000002d5ff9f7af0, 0x000002d5ff9f83a0, 0x000002d5ff9f8f80, 0x000002d5ffa09780,
0x000002d5ffa14850, 0x000002d5e1b48d80, 0x000002d5ffe7c750, 0x000002d5ffe2c2b0,
0x000002d586ee9f30, 0x000002d58772d3f0, 0x000002d58772a8a0, 0x000002d58772ca50,
0x000002d5877273b0, 0x000002d587726070, 0x000002d587729090, 0x000002d586eecf50,
0x000002d586eea8d0, 0x000002d586eeada0, 0x000002d5ffbd7450, 0x000002d5ffbd2280,
0x000002d5ffbd7920, 0x000002d5ffbd4900, 0x000002d5ffbd4dd0, 0x000002d5ffbd30f0,
0x000002d5ffbd00d0, 0x000002d5ffbd05a0, 0x000002d5ffbd0a70, 0x000002d5ffbd3a90,
0x000002d5ffbd2750, 0x000002d5884cc3b0
}

Java Threads: ( => current thread )
  0x000002d5ff9da640 JavaThread "Reference Handler" daemon [_thread_blocked, id=11680, stack(0x000000d962700000,0x000000d962800000)]
  0x000002d5ff9db1b0 JavaThread "Finalizer" daemon [_thread_blocked, id=11236, stack(0x000000d962800000,0x000000d962900000)]
  0x000002d5ff9f5580 JavaThread "Signal Dispatcher" daemon [_thread_blocked, id=8592, stack(0x000000d962900000,0x000000d962a00000)]
  0x000002d5ff9f7240 JavaThread "Attach Listener" daemon [_thread_blocked, id=12220, stack(0x000000d962a00000,0x000000d962b00000)]
  0x000002d5ff9f7af0 JavaThread "Service Thread" daemon [_thread_blocked, id=11336, stack(0x000000d962b00000,0x000000d962c00000)]
  0x000002d5ff9f83a0 JavaThread "Monitor Deflation Thread" daemon [_thread_blocked, id=7448, stack(0x000000d962c00000,0x000000d962d00000)]
=>0x000002d5ff9f8f80 JavaThread "C2 CompilerThread0" daemon [_thread_in_native, id=1172, stack(0x000000d962d00000,0x000000d962e00000)]
  0x000002d5ffa09780 JavaThread "C1 CompilerThread0" daemon [_thread_blocked, id=14020, stack(0x000000d962e00000,0x000000d962f00000)]
  0x000002d5ffa14850 JavaThread "Sweeper thread" daemon [_thread_blocked, id=6560, stack(0x000000d962f00000,0x000000d963000000)]
  0x000002d5e1b48d80 JavaThread "Common-Cleaner" daemon [_thread_blocked, id=13420, stack(0x000000d963000000,0x000000d963100000)]
  0x000002d5ffe7c750 JavaThread "Monitor Ctrl-Break" daemon [_thread_in_native, id=2376, stack(0x000000d963100000,0x000000d963200000)]
  0x000002d5ffe2c2b0 JavaThread "Notification Thread" daemon [_thread_blocked, id=892, stack(0x000000d963200000,0x000000d963300000)]
  0x000002d586ee9f30 JavaThread "mysql-cj-abandoned-connection-cleanup" daemon [_thread_blocked, id=7116, stack(0x000000d963b00000,0x000000d963c00000)]
  0x000002d58772d3f0 JavaThread "Live Reload Server" daemon [_thread_in_native, id=7212, stack(0x000000d964300000,0x000000d964400000)]
  0x000002d58772a8a0 JavaThread "DestroyJavaVM" [_thread_blocked, id=14256, stack(0x000000d962000000,0x000000d962100000)]
  0x000002d58772ca50 JavaThread "File Watcher" daemon [_thread_blocked, id=3104, stack(0x000000d963800000,0x000000d963900000)]
  0x000002d5877273b0 JavaThread "HikariPool-3 housekeeper" daemon [_thread_blocked, id=6104, stack(0x000000d963c00000,0x000000d963d00000)]
  0x000002d587726070 JavaThread "Catalina-utility-1" [_thread_blocked, id=8664, stack(0x000000d963d00000,0x000000d963e00000)]
  0x000002d587729090 JavaThread "Catalina-utility-2" [_thread_blocked, id=2996, stack(0x000000d963e00000,0x000000d963f00000)]
  0x000002d586eecf50 JavaThread "container-1" [_thread_blocked, id=8996, stack(0x000000d963f00000,0x000000d964000000)]
  0x000002d586eea8d0 JavaThread "File Watcher" daemon [_thread_blocked, id=13116, stack(0x000000d964100000,0x000000d964200000)]
  0x000002d586eeada0 JavaThread "http-nio-8080-exec-1" daemon [_thread_blocked, id=3236, stack(0x000000d964200000,0x000000d964300000)]
  0x000002d5ffbd7450 JavaThread "http-nio-8080-exec-2" daemon [_thread_blocked, id=5436, stack(0x000000d964400000,0x000000d964500000)]
  0x000002d5ffbd2280 JavaThread "http-nio-8080-exec-3" daemon [_thread_blocked, id=13168, stack(0x000000d964500000,0x000000d964600000)]
  0x000002d5ffbd7920 JavaThread "http-nio-8080-exec-4" daemon [_thread_blocked, id=3012, stack(0x000000d964600000,0x000000d964700000)]
  0x000002d5ffbd4900 JavaThread "http-nio-8080-exec-5" daemon [_thread_blocked, id=6704, stack(0x000000d964700000,0x000000d964800000)]
  0x000002d5ffbd4dd0 JavaThread "http-nio-8080-exec-6" daemon [_thread_blocked, id=572, stack(0x000000d964800000,0x000000d964900000)]
  0x000002d5ffbd30f0 JavaThread "http-nio-8080-exec-7" daemon [_thread_blocked, id=6180, stack(0x000000d964900000,0x000000d964a00000)]
  0x000002d5ffbd00d0 JavaThread "http-nio-8080-exec-8" daemon [_thread_blocked, id=11752, stack(0x000000d964a00000,0x000000d964b00000)]
  0x000002d5ffbd05a0 JavaThread "http-nio-8080-exec-9" daemon [_thread_blocked, id=7728, stack(0x000000d964b00000,0x000000d964c00000)]
  0x000002d5ffbd0a70 JavaThread "http-nio-8080-exec-10" daemon [_thread_blocked, id=12180, stack(0x000000d964c00000,0x000000d964d00000)]
  0x000002d5ffbd3a90 JavaThread "http-nio-8080-Poller" daemon [_thread_in_native, id=2408, stack(0x000000d964d00000,0x000000d964e00000)]
  0x000002d5ffbd2750 JavaThread "http-nio-8080-Acceptor" daemon [_thread_in_native, id=11920, stack(0x000000d964e00000,0x000000d964f00000)]
  0x000002d5884cc3b0 JavaThread "C2 CompilerThread1" daemon [_thread_blocked, id=11180, stack(0x000000d961e00000,0x000000d961f00000)]

Other Threads:
  0x000002d5e1b4ec80 VMThread "VM Thread" [stack: 0x000000d962600000,0x000000d962700000] [id=2524]
  0x000002d5ffe7f770 WatcherThread "VM Periodic Task Thread" [stack: 0x000000d963300000,0x000000d963400000] [id=4072]
  0x000002d5e1aebe20 WorkerThread "GC Thread#0" [stack: 0x000000d962100000,0x000000d962200000] [id=1632]
  0x000002d5861d2c80 WorkerThread "GC Thread#1" [stack: 0x000000d963500000,0x000000d963600000] [id=5564]
  0x000002d58627fe60 WorkerThread "GC Thread#2" [stack: 0x000000d963600000,0x000000d963700000] [id=1812]
  0x000002d586280100 WorkerThread "GC Thread#3" [stack: 0x000000d963700000,0x000000d963800000] [id=11856]
  0x000002d5e1af9bc0 ConcurrentGCThread "G1 Main Marker" [stack: 0x000000d962200000,0x000000d962300000] [id=3460]
  0x000002d5e1afb4d0 WorkerThread "G1 Conc#0" [stack: 0x000000d962300000,0x000000d962400000] [id=15080]
  0x000002d5e1b2e920 ConcurrentGCThread "G1 Refine#0" [stack: 0x000000d962400000,0x000000d962500000] [id=15156]
  0x000002d586469f50 ConcurrentGCThread "G1 Refine#1" [stack: 0x000000d963a00000,0x000000d963b00000] [id=10624]
  0x000002d5e1b2f8e0 ConcurrentGCThread "G1 Service" [stack: 0x000000d962500000,0x000000d962600000] [id=12880]

Threads with active compile tasks:
C2 CompilerThread0   377602 12038       4       java.util.regex.Pattern::compile (500 bytes)

VM state: not at safepoint (normal execution)

VM Mutex/Monitor currently owned by a thread: None

Heap address: 0x0000000740a00000, size: 3062 MB, Compressed Oops mode: Zero based, Oop shift amount: 3

CDS archive(s) mapped at: [0x0000000800000000-0x0000000800ba0000-0x0000000800ba0000), size 12189696, SharedBaseAddress: 0x0000000800000000, ArchiveRelocationMode: 0.
Compressed class space mapped at: 0x0000000800c00000-0x0000000840c00000, reserved size: 1073741824
Narrow klass base: 0x0000000800000000, Narrow klass shift: 0, Narrow klass range: 0x100000000

GC Precious Log:
 CardTable entry size: 512
 Card Set container configuration: InlinePtr #cards 4 size 8 Array Of Cards #cards 16 size 48 Howl #buckets 8 coarsen threshold 3686 Howl Bitmap #cards 512 size 80 coarsen threshold 460 Card regions per heap region 1 cards per card region 4096
 CPUs: 4 total, 4 available
 Memory: 12243M
 Large Page Support: Disabled
 NUMA Support: Disabled
 Compressed Oops: Enabled (Zero based)
 Heap Region Size: 2M
 Heap Min Capacity: 8M
 Heap Initial Capacity: 192M
 Heap Max Capacity: 3062M
 Pre-touch: Disabled
 Parallel Workers: 4
 Concurrent Workers: 1
 Concurrent Refinement Workers: 4
 Periodic GC: Disabled

Heap:
 garbage-first heap   total 157696K, used 108985K [0x0000000740a00000, 0x0000000800000000)
  region size 2048K, 32 young (65536K), 1 survivors (2048K)
 Metaspace       used 82612K, committed 83520K, reserved 1179648K
  class space    used 10897K, committed 11328K, reserved 1048576K

Heap Regions: E=young(eden), S=young(survivor), O=old, HS=humongous(starts), HC=humongous(continues), CS=collection set, F=free, OA=open archive, CA=closed archive, TAMS=top-at-mark-start (previous, next)
|   0|0x0000000740a00000, 0x0000000740c00000, 0x0000000740c00000|100%| O|  |TAMS 0x0000000740c00000, 0x0000000740a00000| Untracked 
|   1|0x0000000740c00000, 0x0000000740e00000, 0x0000000740e00000|100%| O|  |TAMS 0x0000000740e00000, 0x0000000740c00000| Untracked 
|   2|0x0000000740e00000, 0x0000000741000000, 0x0000000741000000|100%| O|  |TAMS 0x0000000741000000, 0x0000000740e00000| Untracked 
|   3|0x0000000741000000, 0x0000000741200000, 0x0000000741200000|100%| O|  |TAMS 0x0000000741200000, 0x0000000741000000| Untracked 
|   4|0x0000000741200000, 0x00000007413fffe0, 0x0000000741400000| 99%| O|  |TAMS 0x00000007413fffe0, 0x0000000741200000| Untracked 
|   5|0x0000000741400000, 0x00000007415ffff8, 0x0000000741600000| 99%| O|  |TAMS 0x00000007415ffff8, 0x0000000741400000| Untracked 
|   6|0x0000000741600000, 0x0000000741800000, 0x0000000741800000|100%| O|  |TAMS 0x0000000741800000, 0x0000000741600000| Untracked 
|   7|0x0000000741800000, 0x00000007419fffe8, 0x0000000741a00000| 99%| O|  |TAMS 0x00000007419fffe8, 0x0000000741800000| Untracked 
|   8|0x0000000741a00000, 0x0000000741bffff8, 0x0000000741c00000| 99%| O|  |TAMS 0x0000000741bffff8, 0x0000000741a00000| Untracked 
|   9|0x0000000741c00000, 0x0000000741dfffa8, 0x0000000741e00000| 99%| O|  |TAMS 0x0000000741dfffa8, 0x0000000741c00000| Untracked 
|  10|0x0000000741e00000, 0x0000000741fffff0, 0x0000000742000000| 99%| O|  |TAMS 0x0000000741fffff0, 0x0000000741e00000| Untracked 
|  11|0x0000000742000000, 0x00000007421fb7d0, 0x0000000742200000| 99%| O|  |TAMS 0x00000007421fb7d0, 0x0000000742000000| Untracked 
|  12|0x0000000742200000, 0x0000000742400000, 0x0000000742400000|100%| O|  |TAMS 0x0000000742400000, 0x0000000742200000| Untracked 
|  13|0x0000000742400000, 0x00000007425fffd0, 0x0000000742600000| 99%| O|  |TAMS 0x00000007425fffd0, 0x0000000742400000| Untracked 
|  14|0x0000000742600000, 0x00000007427db5e0, 0x0000000742800000| 92%| O|  |TAMS 0x00000007427db5e0, 0x0000000742600000| Untracked 
|  15|0x0000000742800000, 0x00000007429ffff8, 0x0000000742a00000| 99%| O|  |TAMS 0x00000007429ffff8, 0x0000000742800000| Untracked 
|  16|0x0000000742a00000, 0x0000000742aed498, 0x0000000742c00000| 46%| O|  |TAMS 0x0000000742aed498, 0x0000000742a00000| Untracked 
|  17|0x0000000742c00000, 0x0000000742e00000, 0x0000000742e00000|100%| O|  |TAMS 0x0000000742e00000, 0x0000000742c00000| Untracked 
|  18|0x0000000742e00000, 0x0000000742e6ed78, 0x0000000743000000| 21%| O|  |TAMS 0x0000000742e6ed78, 0x0000000742e00000| Untracked 
|  19|0x0000000743000000, 0x0000000743200000, 0x0000000743200000|100%| O|  |TAMS 0x0000000743200000, 0x0000000743000000| Untracked 
|  20|0x0000000743200000, 0x0000000743400000, 0x0000000743400000|100%| O|  |TAMS 0x0000000743400000, 0x0000000743200000| Untracked 
|  21|0x0000000743400000, 0x0000000743600000, 0x0000000743600000|100%| O|  |TAMS 0x00000007435d8000, 0x0000000743400000| Untracked 
|  22|0x0000000743600000, 0x0000000743800000, 0x0000000743800000|100%| O|  |TAMS 0x0000000743600000, 0x0000000743600000| Untracked 
|  23|0x0000000743800000, 0x000000074393b800, 0x0000000743a00000| 61%| O|  |TAMS 0x0000000743800000, 0x0000000743800000| Untracked 
|  24|0x0000000743a00000, 0x0000000743a00000, 0x0000000743c00000|  0%| F|  |TAMS 0x0000000743a00000, 0x0000000743a00000| Untracked 
|  25|0x0000000743c00000, 0x0000000743c00000, 0x0000000743e00000|  0%| F|  |TAMS 0x0000000743c00000, 0x0000000743c00000| Untracked 
|  26|0x0000000743e00000, 0x0000000743e00000, 0x0000000744000000|  0%| F|  |TAMS 0x0000000743e00000, 0x0000000743e00000| Untracked 
|  27|0x0000000744000000, 0x0000000744000000, 0x0000000744200000|  0%| F|  |TAMS 0x0000000744000000, 0x0000000744000000| Untracked 
|  28|0x0000000744200000, 0x0000000744200000, 0x0000000744400000|  0%| F|  |TAMS 0x0000000744200000, 0x0000000744200000| Untracked 
|  29|0x0000000744400000, 0x0000000744400000, 0x0000000744600000|  0%| F|  |TAMS 0x0000000744400000, 0x0000000744400000| Untracked 
|  30|0x0000000744600000, 0x0000000744600000, 0x0000000744800000|  0%| F|  |TAMS 0x0000000744600000, 0x0000000744600000| Untracked 
|  31|0x0000000744800000, 0x0000000744800000, 0x0000000744a00000|  0%| F|  |TAMS 0x0000000744800000, 0x0000000744800000| Untracked 
|  32|0x0000000744a00000, 0x0000000744a00000, 0x0000000744c00000|  0%| F|  |TAMS 0x0000000744a00000, 0x0000000744a00000| Untracked 
|  33|0x0000000744c00000, 0x0000000744e00000, 0x0000000744e00000|100%| S|CS|TAMS 0x0000000744c00000, 0x0000000744c00000| Complete 
|  34|0x0000000744e00000, 0x0000000744e00000, 0x0000000745000000|  0%| F|  |TAMS 0x0000000744e00000, 0x0000000744e00000| Untracked 
|  35|0x0000000745000000, 0x0000000745000000, 0x0000000745200000|  0%| F|  |TAMS 0x0000000745000000, 0x0000000745000000| Untracked 
|  36|0x0000000745200000, 0x0000000745200000, 0x0000000745400000|  0%| F|  |TAMS 0x0000000745200000, 0x0000000745200000| Untracked 
|  37|0x0000000745400000, 0x0000000745400000, 0x0000000745600000|  0%| F|  |TAMS 0x0000000745400000, 0x0000000745400000| Untracked 
|  38|0x0000000745600000, 0x0000000745600000, 0x0000000745800000|  0%| F|  |TAMS 0x0000000745600000, 0x0000000745600000| Untracked 
|  39|0x0000000745800000, 0x0000000745800000, 0x0000000745a00000|  0%| F|  |TAMS 0x0000000745800000, 0x0000000745800000| Untracked 
|  40|0x0000000745a00000, 0x0000000745a00000, 0x0000000745c00000|  0%| F|  |TAMS 0x0000000745a00000, 0x0000000745a00000| Untracked 
|  41|0x0000000745c00000, 0x0000000745c00000, 0x0000000745e00000|  0%| F|  |TAMS 0x0000000745c00000, 0x0000000745c00000| Untracked 
|  42|0x0000000745e00000, 0x0000000745e00000, 0x0000000746000000|  0%| F|  |TAMS 0x0000000745e00000, 0x0000000745e00000| Untracked 
|  43|0x0000000746000000, 0x0000000746000000, 0x0000000746200000|  0%| F|  |TAMS 0x0000000746000000, 0x0000000746000000| Untracked 
|  44|0x0000000746200000, 0x0000000746200000, 0x0000000746400000|  0%| F|  |TAMS 0x0000000746200000, 0x0000000746200000| Untracked 
|  45|0x0000000746400000, 0x0000000746400000, 0x0000000746600000|  0%| F|  |TAMS 0x0000000746400000, 0x0000000746400000| Untracked 
|  46|0x0000000746600000, 0x00000007466c3148, 0x0000000746800000| 38%| E|  |TAMS 0x0000000746600000, 0x0000000746600000| Complete 
|  47|0x0000000746800000, 0x0000000746a00000, 0x0000000746a00000|100%| E|CS|TAMS 0x0000000746800000, 0x0000000746800000| Complete 
|  48|0x0000000746a00000, 0x0000000746c00000, 0x0000000746c00000|100%| E|CS|TAMS 0x0000000746a00000, 0x0000000746a00000| Complete 
|  49|0x0000000746c00000, 0x0000000746e00000, 0x0000000746e00000|100%| E|CS|TAMS 0x0000000746c00000, 0x0000000746c00000| Complete 
|  50|0x0000000746e00000, 0x0000000747000000, 0x0000000747000000|100%| E|CS|TAMS 0x0000000746e00000, 0x0000000746e00000| Complete 
|  51|0x0000000747000000, 0x0000000747200000, 0x0000000747200000|100%| E|CS|TAMS 0x0000000747000000, 0x0000000747000000| Complete 
|  52|0x0000000747200000, 0x0000000747400000, 0x0000000747400000|100%| E|CS|TAMS 0x0000000747200000, 0x0000000747200000| Complete 
|  53|0x0000000747400000, 0x0000000747600000, 0x0000000747600000|100%| E|CS|TAMS 0x0000000747400000, 0x0000000747400000| Complete 
|  54|0x0000000747600000, 0x0000000747800000, 0x0000000747800000|100%| E|CS|TAMS 0x0000000747600000, 0x0000000747600000| Complete 
|  55|0x0000000747800000, 0x0000000747a00000, 0x0000000747a00000|100%| E|CS|TAMS 0x0000000747800000, 0x0000000747800000| Complete 
|  56|0x0000000747a00000, 0x0000000747c00000, 0x0000000747c00000|100%| E|CS|TAMS 0x0000000747a00000, 0x0000000747a00000| Complete 
|  57|0x0000000747c00000, 0x0000000747e00000, 0x0000000747e00000|100%| E|CS|TAMS 0x0000000747c00000, 0x0000000747c00000| Complete 
|  58|0x0000000747e00000, 0x0000000748000000, 0x0000000748000000|100%| E|CS|TAMS 0x0000000747e00000, 0x0000000747e00000| Complete 
|  59|0x0000000748000000, 0x0000000748200000, 0x0000000748200000|100%| E|CS|TAMS 0x0000000748000000, 0x0000000748000000| Complete 
|  60|0x0000000748200000, 0x0000000748400000, 0x0000000748400000|100%| E|CS|TAMS 0x0000000748200000, 0x0000000748200000| Complete 
|  61|0x0000000748400000, 0x0000000748600000, 0x0000000748600000|100%| E|CS|TAMS 0x0000000748400000, 0x0000000748400000| Complete 
|  62|0x0000000748600000, 0x0000000748800000, 0x0000000748800000|100%| E|CS|TAMS 0x0000000748600000, 0x0000000748600000| Complete 
|  63|0x0000000748800000, 0x0000000748a00000, 0x0000000748a00000|100%| E|CS|TAMS 0x0000000748800000, 0x0000000748800000| Complete 
|  64|0x0000000748a00000, 0x0000000748c00000, 0x0000000748c00000|100%| E|CS|TAMS 0x0000000748a00000, 0x0000000748a00000| Complete 
|  65|0x0000000748c00000, 0x0000000748e00000, 0x0000000748e00000|100%| E|CS|TAMS 0x0000000748c00000, 0x0000000748c00000| Complete 
|  66|0x0000000748e00000, 0x0000000749000000, 0x0000000749000000|100%| E|CS|TAMS 0x0000000748e00000, 0x0000000748e00000| Complete 
|  67|0x0000000749000000, 0x0000000749200000, 0x0000000749200000|100%| E|CS|TAMS 0x0000000749000000, 0x0000000749000000| Complete 
|  68|0x0000000749200000, 0x0000000749400000, 0x0000000749400000|100%| E|CS|TAMS 0x0000000749200000, 0x0000000749200000| Complete 
|  69|0x0000000749400000, 0x0000000749600000, 0x0000000749600000|100%| E|CS|TAMS 0x0000000749400000, 0x0000000749400000| Complete 
|  70|0x0000000749600000, 0x0000000749800000, 0x0000000749800000|100%| E|CS|TAMS 0x0000000749600000, 0x0000000749600000| Complete 
|  71|0x0000000749800000, 0x0000000749a00000, 0x0000000749a00000|100%| E|CS|TAMS 0x0000000749800000, 0x0000000749800000| Complete 
|  72|0x0000000749a00000, 0x0000000749c00000, 0x0000000749c00000|100%| E|CS|TAMS 0x0000000749a00000, 0x0000000749a00000| Complete 
|  73|0x0000000749c00000, 0x0000000749e00000, 0x0000000749e00000|100%| E|CS|TAMS 0x0000000749c00000, 0x0000000749c00000| Complete 
|  74|0x0000000749e00000, 0x000000074a000000, 0x000000074a000000|100%| E|CS|TAMS 0x0000000749e00000, 0x0000000749e00000| Complete 
|  75|0x000000074a000000, 0x000000074a200000, 0x000000074a200000|100%| E|CS|TAMS 0x000000074a000000, 0x000000074a000000| Complete 
|  95|0x000000074c800000, 0x000000074ca00000, 0x000000074ca00000|100%| E|CS|TAMS 0x000000074c800000, 0x000000074c800000| Complete 

Card table byte_map: [0x000002d5f89c0000,0x000002d5f8fc0000] _byte_map_base: 0x000002d5f4fbb000

Marking Bits (Prev, Next): (CMBitMap*) 0x000002d5e1aed340, (CMBitMap*) 0x000002d5e1aed380
 Prev Bits: [0x000002d5f95c0000, 0x000002d5fc598000)
 Next Bits: [0x000002d5fc5a0000, 0x000002d5ff578000)

Polling page: 0x000002d5df9f0000

Metaspace:

Usage:
  Non-class:     70.03 MB used.
      Class:     10.64 MB used.
       Both:     80.68 MB used.

Virtual space:
  Non-class space:      128.00 MB reserved,      70.50 MB ( 55%) committed,  2 nodes.
      Class space:        1.00 GB reserved,      11.06 MB (  1%) committed,  1 nodes.
             Both:        1.12 GB reserved,      81.56 MB (  7%) committed. 

Chunk freelists:
   Non-Class:  1.45 MB
       Class:  934.00 KB
        Both:  2.37 MB

MaxMetaspaceSize: unlimited
CompressedClassSpaceSize: 1.00 GB
Initial GC threshold: 21.00 MB
Current GC threshold: 134.62 MB
CDS: on
MetaspaceReclaimPolicy: balanced
 - commit_granule_bytes: 65536.
 - commit_granule_words: 8192.
 - virtual_space_node_default_size: 8388608.
 - enlarge_chunks_in_place: 1.
 - new_chunks_are_fully_committed: 0.
 - uncommit_free_chunks: 1.
 - use_allocation_guard: 0.


Internal statistics:

num_allocs_failed_limit: 15.
num_arena_births: 1322.
num_arena_deaths: 0.
num_vsnodes_births: 3.
num_vsnodes_deaths: 0.
num_space_committed: 1305.
num_space_uncommitted: 0.
num_chunks_returned_to_freelist: 15.
num_chunks_taken_from_freelist: 4448.
num_chunk_merges: 15.
num_chunk_splits: 3155.
num_chunks_enlarged: 2457.
num_inconsistent_stats: 0.

CodeHeap 'non-profiled nmethods': size=120000Kb used=6718Kb max_used=6971Kb free=113281Kb
 bounds [0x000002d5f0e90000, 0x000002d5f1570000, 0x000002d5f83c0000]
CodeHeap 'profiled nmethods': size=120000Kb used=18998Kb max_used=21382Kb free=101001Kb
 bounds [0x000002d5e9960000, 0x000002d5eae50000, 0x000002d5f0e90000]
CodeHeap 'non-nmethods': size=5760Kb used=1379Kb max_used=1469Kb free=4380Kb
 bounds [0x000002d5e93c0000, 0x000002d5e9630000, 0x000002d5e9960000]
 total_blobs=10450 nmethods=9742 adapters=619
 compilation: enabled
              stopped_count=0, restarted_count=0
 full_count=0

Compilation events (20 events):
Event: 377.512 Thread 0x000002d5ffa09780 12043       3       java.util.TreeMap::computeIfAbsent (252 bytes)
Event: 377.513 Thread 0x000002d5ffa09780 nmethod 12043 0x000002d5ea168c10 code [0x000002d5ea168f60, 0x000002d5ea16a718]
Event: 377.513 Thread 0x000002d5ffa09780 12044       3       org.springframework.web.util.pattern.PathPattern$MatchingContext::isSeparator (14 bytes)
Event: 377.513 Thread 0x000002d5ffa09780 nmethod 12044 0x000002d5e99b6410 code [0x000002d5e99b65c0, 0x000002d5e99b68a8]
Event: 377.523 Thread 0x000002d5884cc3b0 nmethod 12035 0x000002d5f0fd2410 code [0x000002d5f0fd2620, 0x000002d5f0fd3528]
Event: 377.523 Thread 0x000002d5884cc3b0 12036       4       io.micrometer.core.instrument.observation.DefaultMeterObservationHandler$$Lambda$1776/0x00000008016333f8::apply (8 bytes)
Event: 377.525 Thread 0x000002d5884cc3b0 nmethod 12036 0x000002d5f1481d10 code [0x000002d5f1481ea0, 0x000002d5f1482158]
Event: 377.525 Thread 0x000002d5884cc3b0 12037       4       java.util.concurrent.atomic.AtomicLongArray::lazySet (13 bytes)
Event: 377.526 Thread 0x000002d5884cc3b0 nmethod 12037 0x000002d5f12cc110 code [0x000002d5f12cc280, 0x000002d5f12cc338]
Event: 377.543 Thread 0x000002d5884cc3b0 12045       4       java.util.LinkedHashMap$LinkedValues::toArray (16 bytes)
Event: 377.544 Thread 0x000002d5ffa09780 12047       3       java.util.ArrayList::equalsRange (85 bytes)
Event: 377.544 Thread 0x000002d5ffa09780 nmethod 12047 0x000002d5e9a23b10 code [0x000002d5e9a23d40, 0x000002d5e9a24678]
Event: 377.544 Thread 0x000002d5ffa09780 12048       3       sun.net.util.IPAddressUtil::textToNumericFormatV6 (500 bytes)
Event: 377.545 Thread 0x000002d5ffa09780 nmethod 12048 0x000002d5ea1dd910 code [0x000002d5ea1ddce0, 0x000002d5ea1df888]
Event: 377.546 Thread 0x000002d5ffa09780 12050       3       java.time.Duration::ofMillis (39 bytes)
Event: 377.546 Thread 0x000002d5ffa09780 nmethod 12050 0x000002d5e99f6a90 code [0x000002d5e99f6c40, 0x000002d5e99f6e28]
Event: 377.548 Thread 0x000002d5884cc3b0 nmethod 12045 0x000002d5f149d890 code [0x000002d5f149da20, 0x000002d5f149df98]
Event: 377.548 Thread 0x000002d5884cc3b0 12046       4       java.util.TreeMap$KeySet::iterator (32 bytes)
Event: 377.552 Thread 0x000002d5884cc3b0 nmethod 12046 0x000002d5f0ec5790 code [0x000002d5f0ec5920, 0x000002d5f0ec5c78]
Event: 377.552 Thread 0x000002d5884cc3b0 12049       4       java.lang.StringBuilder::<init> (6 bytes)

GC Heap History (20 events):
Event: 36.342 GC heap before
{Heap before GC invocations=23 (full 0):
 garbage-first heap   total 92160K, used 69264K [0x0000000740a00000, 0x0000000800000000)
  region size 2048K, 18 young (36864K), 3 survivors (6144K)
 Metaspace       used 79162K, committed 80000K, reserved 1179648K
  class space    used 10704K, committed 11136K, reserved 1048576K
}
Event: 36.349 GC heap after
{Heap after GC invocations=24 (full 0):
 garbage-first heap   total 92160K, used 42927K [0x0000000740a00000, 0x0000000800000000)
  region size 2048K, 3 young (6144K), 3 survivors (6144K)
 Metaspace       used 79162K, committed 80000K, reserved 1179648K
  class space    used 10704K, committed 11136K, reserved 1048576K
}
Event: 357.505 GC heap before
{Heap before GC invocations=24 (full 0):
 garbage-first heap   total 92160K, used 65455K [0x0000000740a00000, 0x0000000800000000)
  region size 2048K, 15 young (30720K), 3 survivors (6144K)
 Metaspace       used 79547K, committed 80384K, reserved 1179648K
  class space    used 10729K, committed 11136K, reserved 1048576K
}
Event: 357.563 GC heap after
{Heap after GC invocations=25 (full 1):
 garbage-first heap   total 92160K, used 33995K [0x0000000740a00000, 0x0000000800000000)
  region size 2048K, 0 young (0K), 0 survivors (0K)
 Metaspace       used 79547K, committed 80384K, reserved 1179648K
  class space    used 10729K, committed 11136K, reserved 1048576K
}
Event: 358.164 GC heap before
{Heap before GC invocations=25 (full 1):
 garbage-first heap   total 92160K, used 70859K [0x0000000740a00000, 0x0000000800000000)
  region size 2048K, 18 young (36864K), 0 survivors (0K)
 Metaspace       used 79886K, committed 80704K, reserved 1179648K
  class space    used 10752K, committed 11136K, reserved 1048576K
}
Event: 358.168 GC heap after
{Heap after GC invocations=26 (full 1):
 garbage-first heap   total 92160K, used 37492K [0x0000000740a00000, 0x0000000800000000)
  region size 2048K, 2 young (4096K), 2 survivors (4096K)
 Metaspace       used 79886K, committed 80704K, reserved 1179648K
  class space    used 10752K, committed 11136K, reserved 1048576K
}
Event: 358.594 GC heap before
{Heap before GC invocations=26 (full 1):
 garbage-first heap   total 92160K, used 70260K [0x0000000740a00000, 0x0000000800000000)
  region size 2048K, 18 young (36864K), 2 survivors (4096K)
 Metaspace       used 80144K, committed 80960K, reserved 1179648K
  class space    used 10761K, committed 11136K, reserved 1048576K
}
Event: 358.599 GC heap after
{Heap after GC invocations=27 (full 1):
 garbage-first heap   total 92160K, used 39661K [0x0000000740a00000, 0x0000000800000000)
  region size 2048K, 2 young (4096K), 2 survivors (4096K)
 Metaspace       used 80144K, committed 80960K, reserved 1179648K
  class space    used 10761K, committed 11136K, reserved 1048576K
}
Event: 360.623 GC heap before
{Heap before GC invocations=27 (full 1):
 garbage-first heap   total 92160K, used 68333K [0x0000000740a00000, 0x0000000800000000)
  region size 2048K, 16 young (32768K), 2 survivors (4096K)
 Metaspace       used 80882K, committed 81792K, reserved 1179648K
  class space    used 10815K, committed 11264K, reserved 1048576K
}
Event: 360.627 GC heap after
{Heap after GC invocations=28 (full 1):
 garbage-first heap   total 92160K, used 40081K [0x0000000740a00000, 0x0000000800000000)
  region size 2048K, 1 young (2048K), 1 survivors (2048K)
 Metaspace       used 80882K, committed 81792K, reserved 1179648K
  class space    used 10815K, committed 11264K, reserved 1048576K
}
Event: 361.500 GC heap before
{Heap before GC invocations=28 (full 1):
 garbage-first heap   total 92160K, used 68753K [0x0000000740a00000, 0x0000000800000000)
  region size 2048K, 15 young (30720K), 1 survivors (2048K)
 Metaspace       used 81023K, committed 81984K, reserved 1179648K
  class space    used 10830K, committed 11264K, reserved 1048576K
}
Event: 361.505 GC heap after
{Heap after GC invocations=29 (full 1):
 garbage-first heap   total 92160K, used 42495K [0x0000000740a00000, 0x0000000800000000)
  region size 2048K, 2 young (4096K), 2 survivors (4096K)
 Metaspace       used 81023K, committed 81984K, reserved 1179648K
  class space    used 10830K, committed 11264K, reserved 1048576K
}
Event: 361.985 GC heap before
{Heap before GC invocations=30 (full 1):
 garbage-first heap   total 92160K, used 69119K [0x0000000740a00000, 0x0000000800000000)
  region size 2048K, 15 young (30720K), 2 survivors (4096K)
 Metaspace       used 81281K, committed 82176K, reserved 1179648K
  class space    used 10844K, committed 11264K, reserved 1048576K
}
Event: 361.991 GC heap after
{Heap after GC invocations=31 (full 1):
 garbage-first heap   total 92160K, used 44075K [0x0000000740a00000, 0x0000000800000000)
  region size 2048K, 1 young (2048K), 1 survivors (2048K)
 Metaspace       used 81281K, committed 82176K, reserved 1179648K
  class space    used 10844K, committed 11264K, reserved 1048576K
}
Event: 362.336 GC heap before
{Heap before GC invocations=31 (full 1):
 garbage-first heap   total 92160K, used 72747K [0x0000000740a00000, 0x0000000800000000)
  region size 2048K, 15 young (30720K), 1 survivors (2048K)
 Metaspace       used 81753K, committed 82624K, reserved 1179648K
  class space    used 10860K, committed 11264K, reserved 1048576K
}
Event: 362.340 GC heap after
{Heap after GC invocations=32 (full 1):
 garbage-first heap   total 92160K, used 45703K [0x0000000740a00000, 0x0000000800000000)
  region size 2048K, 2 young (4096K), 2 survivors (4096K)
 Metaspace       used 81753K, committed 82624K, reserved 1179648K
  class space    used 10860K, committed 11264K, reserved 1048576K
}
Event: 362.469 GC heap before
{Heap before GC invocations=33 (full 1):
 garbage-first heap   total 112640K, used 72327K [0x0000000740a00000, 0x0000000800000000)
  region size 2048K, 15 young (30720K), 2 survivors (4096K)
 Metaspace       used 81942K, committed 82816K, reserved 1179648K
  class space    used 10868K, committed 11264K, reserved 1048576K
}
Event: 362.472 GC heap after
{Heap after GC invocations=34 (full 1):
 garbage-first heap   total 112640K, used 46474K [0x0000000740a00000, 0x0000000800000000)
  region size 2048K, 1 young (2048K), 1 survivors (2048K)
 Metaspace       used 81942K, committed 82816K, reserved 1179648K
  class space    used 10868K, committed 11264K, reserved 1048576K
}
Event: 362.707 GC heap before
{Heap before GC invocations=34 (full 1):
 garbage-first heap   total 112640K, used 87434K [0x0000000740a00000, 0x0000000800000000)
  region size 2048K, 21 young (43008K), 1 survivors (2048K)
 Metaspace       used 82206K, committed 83136K, reserved 1179648K
  class space    used 10886K, committed 11328K, reserved 1048576K
}
Event: 362.710 GC heap after
{Heap after GC invocations=35 (full 1):
 garbage-first heap   total 157696K, used 47545K [0x0000000740a00000, 0x0000000800000000)
  region size 2048K, 1 young (2048K), 1 survivors (2048K)
 Metaspace       used 82206K, committed 83136K, reserved 1179648K
  class space    used 10886K, committed 11328K, reserved 1048576K
}

Deoptimization events (20 events):
Event: 377.391 Thread 0x000002d5ffbd05a0 Uncommon trap: trap_request=0xffffffd6 fr.pc=0x000002d5f155dc10 relative=0x00000000000017b0
Event: 377.391 Thread 0x000002d5ffbd05a0 Uncommon trap: reason=array_check action=maybe_recompile pc=0x000002d5f155dc10 method=java.util.ComparableTimSort.binarySort([Ljava/lang/Object;III)V @ 193 c2
Event: 377.391 Thread 0x000002d5ffbd05a0 DEOPT PACKING pc=0x000002d5f155dc10 sp=0x000000d964bf9750
Event: 377.391 Thread 0x000002d5ffbd05a0 DEOPT UNPACKING pc=0x000002d5e94123a3 sp=0x000000d964bf9650 mode 2
Event: 377.392 Thread 0x000002d5ffbd7450 Uncommon trap: trap_request=0xffffffd6 fr.pc=0x000002d5f155dc10 relative=0x00000000000017b0
Event: 377.392 Thread 0x000002d5ffbd7450 Uncommon trap: reason=array_check action=maybe_recompile pc=0x000002d5f155dc10 method=java.util.ComparableTimSort.binarySort([Ljava/lang/Object;III)V @ 193 c2
Event: 377.392 Thread 0x000002d5ffbd7450 DEOPT PACKING pc=0x000002d5f155dc10 sp=0x000000d9644fe3b0
Event: 377.392 Thread 0x000002d5ffbd7450 DEOPT UNPACKING pc=0x000002d5e94123a3 sp=0x000000d9644fe2b0 mode 2
Event: 377.453 Thread 0x000002d5ffbd7920 Uncommon trap: trap_request=0xffffffd6 fr.pc=0x000002d5f1249a5c relative=0x0000000000001b7c
Event: 377.453 Thread 0x000002d5ffbd7920 Uncommon trap: reason=array_check action=maybe_recompile pc=0x000002d5f1249a5c method=java.util.ComparableTimSort.reverseRange([Ljava/lang/Object;II)V @ 27 c2
Event: 377.453 Thread 0x000002d5ffbd7920 DEOPT PACKING pc=0x000002d5f1249a5c sp=0x000000d9646fd090
Event: 377.453 Thread 0x000002d5ffbd7920 DEOPT UNPACKING pc=0x000002d5e94123a3 sp=0x000000d9646fcf48 mode 2
Event: 377.453 Thread 0x000002d5ffbd7920 Uncommon trap: trap_request=0xffffffd6 fr.pc=0x000002d5f124976c relative=0x000000000000188c
Event: 377.453 Thread 0x000002d5ffbd7920 Uncommon trap: reason=array_check action=maybe_recompile pc=0x000002d5f124976c method=java.util.ComparableTimSort.binarySort([Ljava/lang/Object;III)V @ 215 c2
Event: 377.453 Thread 0x000002d5ffbd7920 DEOPT PACKING pc=0x000002d5f124976c sp=0x000000d9646fd090
Event: 377.453 Thread 0x000002d5ffbd7920 DEOPT UNPACKING pc=0x000002d5e94123a3 sp=0x000000d9646fcfa0 mode 2
Event: 377.453 Thread 0x000002d5ffbd7920 Uncommon trap: trap_request=0xffffffd6 fr.pc=0x000002d5f124976c relative=0x000000000000188c
Event: 377.453 Thread 0x000002d5ffbd7920 Uncommon trap: reason=array_check action=maybe_recompile pc=0x000002d5f124976c method=java.util.ComparableTimSort.binarySort([Ljava/lang/Object;III)V @ 215 c2
Event: 377.453 Thread 0x000002d5ffbd7920 DEOPT PACKING pc=0x000002d5f124976c sp=0x000000d9646f9830
Event: 377.453 Thread 0x000002d5ffbd7920 DEOPT UNPACKING pc=0x000002d5e94123a3 sp=0x000000d9646f9740 mode 2

Classes loaded (20 events):
Event: 36.179 Loading class java/io/CharArrayWriter
Event: 36.179 Loading class java/io/CharArrayWriter done
Event: 36.196 Loading class java/util/concurrent/locks/ReentrantReadWriteLock$Sync$HoldCounter
Event: 36.196 Loading class java/util/concurrent/locks/ReentrantReadWriteLock$Sync$HoldCounter done
Event: 36.306 Loading class java/util/concurrent/atomic/Striped64$Cell
Event: 36.306 Loading class java/util/concurrent/atomic/Striped64$Cell done
Event: 357.257 Loading class java/util/concurrent/locks/AbstractQueuedSynchronizer$SharedNode
Event: 357.258 Loading class java/util/concurrent/locks/AbstractQueuedSynchronizer$SharedNode done
Event: 357.260 Loading class javax/management/NotificationBroadcasterSupport$WildcardListenerInfo
Event: 357.260 Loading class javax/management/NotificationBroadcasterSupport$WildcardListenerInfo done
Event: 357.281 Loading class java/util/AbstractMap$2
Event: 357.281 Loading class java/util/AbstractMap$2 done
Event: 357.282 Loading class java/util/AbstractMap$2$1
Event: 357.282 Loading class java/util/AbstractMap$2$1 done
Event: 357.563 Loading class java/lang/ref/Finalizer$2
Event: 357.563 Loading class java/lang/ref/Finalizer$2 done
Event: 357.563 Loading class java/lang/ref/Finalizer$1
Event: 357.563 Loading class java/lang/ref/Finalizer$1 done
Event: 361.735 Loading class java/lang/invoke/MethodHandleImpl$CountingWrapper$1
Event: 361.735 Loading class java/lang/invoke/MethodHandleImpl$CountingWrapper$1 done

Classes unloaded (0 events):
No events

Classes redefined (0 events):
No events

Internal exceptions (20 events):
Event: 359.033 Thread 0x000002d587728220 Exception <a 'java/lang/InterruptedException'{0x0000000744c97118}: sleep interrupted> (0x0000000744c97118) 
thrown [s\open\src\hotspot\share\prims\jvm.cpp, line 3083]
Event: 359.055 Thread 0x000002d587729090 Exception <a 'java/lang/NoClassDefFoundError'{0x0000000744d5c0a8}: liquibase/exception/ChangeLogParseException> (0x0000000744d5c0a8) 
thrown [s\open\src\hotspot\share\classfile\systemDictionary.cpp, line 244]
Event: 360.526 Thread 0x000002d58772b240 Exception <a 'sun/nio/fs/WindowsException'{0x0000000744b22be8}> (0x0000000744b22be8) 
thrown [s\open\src\hotspot\share\prims\jni.cpp, line 516]
Event: 360.753 Thread 0x000002d58772cf20 Exception <a 'java/lang/NoClassDefFoundError'{0x000000074828f7a0}: org/glassfish/jersey/server/monitoring/ApplicationEventListener> (0x000000074828f7a0) 
thrown [s\open\src\hotspot\share\classfile\systemDictionary.cpp, line 244]
Event: 361.742 Thread 0x000002d58772b240 Exception <a 'java/lang/NoClassDefFoundError'{0x00000007481ac5b8}: org/flywaydb/core/Flyway> (0x00000007481ac5b8) 
thrown [s\open\src\hotspot\share\oops\constantPool.cpp, line 836]
Event: 361.742 Thread 0x000002d58772b240 Exception <a 'java/lang/NoClassDefFoundError'{0x00000007481acc08}: liquibase/integration/spring/SpringLiquibase> (0x00000007481acc08) 
thrown [s\open\src\hotspot\share\oops\constantPool.cpp, line 836]
Event: 361.750 Thread 0x000002d58772b240 Exception <a 'java/lang/NoClassDefFoundError'{0x0000000747e5a170}: org/jooq/DSLContext> (0x0000000747e5a170) 
thrown [s\open\src\hotspot\share\oops\constantPool.cpp, line 836]
Event: 361.751 Thread 0x000002d58772b240 Exception <a 'java/lang/NoClassDefFoundError'{0x0000000747e5b598}: org/springframework/batch/core/repository/JobRepository> (0x0000000747e5b598) 
thrown [s\open\src\hotspot\share\oops\constantPool.cpp, line 836]
Event: 361.751 Thread 0x000002d58772b240 Exception <a 'java/lang/NoClassDefFoundError'{0x0000000747e5bbe0}: org/quartz/Scheduler> (0x0000000747e5bbe0) 
thrown [s\open\src\hotspot\share\oops\constantPool.cpp, line 836]
Event: 361.751 Thread 0x000002d58772b240 Exception <a 'java/lang/NoClassDefFoundError'{0x0000000747e5c250}: org/springframework/session/jdbc/JdbcIndexedSessionRepository> (0x0000000747e5c250) 
thrown [s\open\src\hotspot\share\oops\constantPool.cpp, line 836]
Event: 361.843 Thread 0x000002d58772b240 Exception <a 'sun/nio/fs/WindowsException'{0x0000000745083bb8}> (0x0000000745083bb8) 
thrown [s\open\src\hotspot\share\prims\jni.cpp, line 516]
Event: 361.850 Thread 0x000002d58772b240 Exception <a 'sun/nio/fs/WindowsException'{0x0000000745084220}> (0x0000000745084220) 
thrown [s\open\src\hotspot\share\prims\jni.cpp, line 516]
Event: 361.850 Thread 0x000002d58772b240 Exception <a 'sun/nio/fs/WindowsException'{0x00000007450848f8}> (0x00000007450848f8) 
thrown [s\open\src\hotspot\share\prims\jni.cpp, line 516]
Event: 361.875 Thread 0x000002d58772b240 Exception <a 'java/io/FileNotFoundException'{0x00000007450c5eb0}> (0x00000007450c5eb0) 
thrown [s\open\src\hotspot\share\prims\jni.cpp, line 516]
Event: 362.016 Thread 0x000002d58772b240 Exception <a 'java/io/FileNotFoundException'{0x0000000748014660}> (0x0000000748014660) 
thrown [s\open\src\hotspot\share\prims\jni.cpp, line 516]
Event: 362.307 Thread 0x000002d58772b240 Implicit null exception at 0x000002d5f1457553 to 0x000002d5f14579d8
Event: 362.994 Thread 0x000002d58772b240 Implicit null exception at 0x000002d5f0f0f0af to 0x000002d5f0f0f318
Event: 370.706 Thread 0x000002d5ffbd7450 Implicit null exception at 0x000002d5f153b0e9 to 0x000002d5f153b6b2
Event: 370.707 Thread 0x000002d5ffbd7450 Implicit null exception at 0x000002d5f14432a7 to 0x000002d5f14433d8
Event: 377.141 Thread 0x000002d5ffbd05a0 Exception <a 'sun/nio/fs/WindowsException'{0x00000007472a6920}> (0x00000007472a6920) 
thrown [s\open\src\hotspot\share\prims\jni.cpp, line 516]

VM Operations (20 events):
Event: 362.448 Executing VM operation: G1Concurrent
Event: 362.448 Executing VM operation: G1Concurrent done
Event: 362.469 Executing VM operation: G1CollectForAllocation
Event: 362.472 Executing VM operation: G1CollectForAllocation done
Event: 362.707 Executing VM operation: G1CollectForAllocation
Event: 362.710 Executing VM operation: G1CollectForAllocation done
Event: 363.718 Executing VM operation: Cleanup
Event: 363.718 Executing VM operation: Cleanup done
Event: 368.757 Executing VM operation: Cleanup
Event: 368.757 Executing VM operation: Cleanup done
Event: 370.777 Executing VM operation: Cleanup
Event: 370.777 Executing VM operation: Cleanup done
Event: 376.810 Executing VM operation: Cleanup
Event: 376.810 Executing VM operation: Cleanup done
Event: 377.230 Executing VM operation: HandshakeAllThreads
Event: 377.230 Executing VM operation: HandshakeAllThreads done
Event: 377.382 Executing VM operation: HandshakeAllThreads
Event: 377.382 Executing VM operation: HandshakeAllThreads done
Event: 377.410 Executing VM operation: HandshakeAllThreads
Event: 377.410 Executing VM operation: HandshakeAllThreads done

Events (20 events):
Event: 377.421 Thread 0x000002d5ffa14850 flushing nmethod 0x000002d5ea899890
Event: 377.421 Thread 0x000002d5ffa14850 flushing nmethod 0x000002d5ea8d5a10
Event: 377.421 Thread 0x000002d5ffa14850 flushing nmethod 0x000002d5ea8f1a10
Event: 377.421 Thread 0x000002d5ffa14850 flushing nmethod 0x000002d5ea903590
Event: 377.421 Thread 0x000002d5ffa14850 flushing nmethod 0x000002d5ea915210
Event: 377.422 Thread 0x000002d5ffa14850 flushing nmethod 0x000002d5eaa69610
Event: 377.422 Thread 0x000002d5ffa14850 flushing nmethod 0x000002d5eaa6b510
Event: 377.422 Thread 0x000002d5ffa14850 flushing nmethod 0x000002d5eaa6bd90
Event: 377.422 Thread 0x000002d5ffa14850 flushing nmethod 0x000002d5eaa73f90
Event: 377.422 Thread 0x000002d5ffa14850 flushing nmethod 0x000002d5eaa75b90
Event: 377.422 Thread 0x000002d5ffa14850 flushing nmethod 0x000002d5eaace390
Event: 377.422 Thread 0x000002d5ffa14850 flushing nmethod 0x000002d5eaadc010
Event: 377.422 Thread 0x000002d5ffa14850 flushing nmethod 0x000002d5eab1a210
Event: 377.422 Thread 0x000002d5ffa14850 flushing nmethod 0x000002d5eac68b90
Event: 377.422 Thread 0x000002d5ffa14850 flushing nmethod 0x000002d5eac69290
Event: 377.422 Thread 0x000002d5ffa14850 flushing nmethod 0x000002d5eac6cc90
Event: 377.422 Thread 0x000002d5ffa14850 flushing nmethod 0x000002d5eac71990
Event: 377.422 Thread 0x000002d5ffa14850 flushing nmethod 0x000002d5eaca6390
Event: 377.422 Thread 0x000002d5ffa14850 flushing nmethod 0x000002d5eaca6910
Event: 377.423 Thread 0x000002d5ffa14850 flushing nmethod 0x000002d5eacc0b90


Dynamic libraries:
0x00007ff74dae0000 - 0x00007ff74daf0000 	C:\Program Files\Java\jdk-18.0.1\bin\java.exe
0x00007ffae8830000 - 0x00007ffae8a28000 	C:\WINDOWS\SYSTEM32\ntdll.dll
0x00007ffae7940000 - 0x00007ffae79ff000 	C:\WINDOWS\System32\KERNEL32.DLL
0x00007ffae6590000 - 0x00007ffae6886000 	C:\WINDOWS\System32\KERNELBASE.dll
0x00007ffae6070000 - 0x00007ffae6170000 	C:\WINDOWS\System32\ucrtbase.dll
0x00007ffadcdb0000 - 0x00007ffadcdc8000 	C:\Program Files\Java\jdk-18.0.1\bin\jli.dll
0x00007ffadcd90000 - 0x00007ffadcdaa000 	C:\Program Files\Java\jdk-18.0.1\bin\VCRUNTIME140.dll
0x00007ffae7a00000 - 0x00007ffae7aaf000 	C:\WINDOWS\System32\ADVAPI32.dll
0x00007ffae6890000 - 0x00007ffae692e000 	C:\WINDOWS\System32\msvcrt.dll
0x00007ffae7830000 - 0x00007ffae78cc000 	C:\WINDOWS\System32\sechost.dll
0x00007ffae7120000 - 0x00007ffae7246000 	C:\WINDOWS\System32\RPCRT4.dll
0x00007ffae83d0000 - 0x00007ffae856d000 	C:\WINDOWS\System32\USER32.dll
0x00007ffae6440000 - 0x00007ffae6462000 	C:\WINDOWS\System32\win32u.dll
0x00007ffae8190000 - 0x00007ffae81bc000 	C:\WINDOWS\System32\GDI32.dll
0x00007ffae6470000 - 0x00007ffae6585000 	C:\WINDOWS\System32\gdi32full.dll
0x00007ffad0290000 - 0x00007ffad052a000 	C:\WINDOWS\WinSxS\amd64_microsoft.windows.common-controls_6595b64144ccf1df_6.0.19041.1110_none_60b5254171f9507e\COMCTL32.dll
0x00007ffae6370000 - 0x00007ffae640d000 	C:\WINDOWS\System32\msvcp_win.dll
0x00007ffadf7b0000 - 0x00007ffadf7ba000 	C:\WINDOWS\SYSTEM32\VERSION.dll
0x00007ffae6930000 - 0x00007ffae6960000 	C:\WINDOWS\System32\IMM32.DLL
0x00007ffadd340000 - 0x00007ffadd34c000 	C:\Program Files\Java\jdk-18.0.1\bin\vcruntime140_1.dll
0x00007ffacdc20000 - 0x00007ffacdcad000 	C:\Program Files\Java\jdk-18.0.1\bin\msvcp140.dll
0x00007ffa95370000 - 0x00007ffa95f80000 	C:\Program Files\Java\jdk-18.0.1\bin\server\jvm.dll
0x00007ffae7250000 - 0x00007ffae7258000 	C:\WINDOWS\System32\PSAPI.DLL
0x00007ffaccb90000 - 0x00007ffaccb99000 	C:\WINDOWS\SYSTEM32\WSOCK32.dll
0x00007ffadbe00000 - 0x00007ffadbe27000 	C:\WINDOWS\SYSTEM32\WINMM.dll
0x00007ffae78d0000 - 0x00007ffae793b000 	C:\WINDOWS\System32\WS2_32.dll
0x00007ffae47a0000 - 0x00007ffae47b2000 	C:\WINDOWS\SYSTEM32\kernel.appcore.dll
0x00007ffadcd80000 - 0x00007ffadcd8a000 	C:\Program Files\Java\jdk-18.0.1\bin\jimage.dll
0x00007ffae43e0000 - 0x00007ffae45c4000 	C:\WINDOWS\SYSTEM32\DBGHELP.DLL
0x00007ffad9770000 - 0x00007ffad97a4000 	C:\WINDOWS\SYSTEM32\dbgcore.DLL
0x00007ffae62e0000 - 0x00007ffae6362000 	C:\WINDOWS\System32\bcryptPrimitives.dll
0x00007ffae3260000 - 0x00007ffae326e000 	C:\Program Files\Java\jdk-18.0.1\bin\instrument.dll
0x00007ffadb720000 - 0x00007ffadb745000 	C:\Program Files\Java\jdk-18.0.1\bin\java.dll
0x00007ffab3d20000 - 0x00007ffab3df6000 	C:\Program Files\Java\jdk-18.0.1\bin\jsvml.dll
0x00007ffae6960000 - 0x00007ffae70a4000 	C:\WINDOWS\System32\SHELL32.dll
0x00007ffae3c40000 - 0x00007ffae43d3000 	C:\WINDOWS\SYSTEM32\windows.storage.dll
0x00007ffae73c0000 - 0x00007ffae7714000 	C:\WINDOWS\System32\combase.dll
0x00007ffae5880000 - 0x00007ffae58ae000 	C:\WINDOWS\SYSTEM32\Wldp.dll
0x00007ffae8000000 - 0x00007ffae80ad000 	C:\WINDOWS\System32\SHCORE.dll
0x00007ffae81c0000 - 0x00007ffae8215000 	C:\WINDOWS\System32\shlwapi.dll
0x00007ffae5e50000 - 0x00007ffae5e6f000 	C:\WINDOWS\SYSTEM32\profapi.dll
0x00007ffadb700000 - 0x00007ffadb718000 	C:\Program Files\Java\jdk-18.0.1\bin\zip.dll
0x00007ffadbe30000 - 0x00007ffadbe43000 	C:\Program Files\Java\jdk-18.0.1\bin\net.dll
0x00007ffae02b0000 - 0x00007ffae03ba000 	C:\WINDOWS\SYSTEM32\WINHTTP.dll
0x00007ffae55e0000 - 0x00007ffae564a000 	C:\WINDOWS\system32\mswsock.dll
0x00007ffadb860000 - 0x00007ffadb876000 	C:\Program Files\Java\jdk-18.0.1\bin\nio.dll
0x00007ffade960000 - 0x00007ffade97a000 	C:\Program Files\JetBrains\IntelliJ IDEA Community Edition 2023.1.3\bin\breakgen64.dll
0x00007ffae1730000 - 0x00007ffae1739000 	C:\Program Files\Java\jdk-18.0.1\bin\management.dll
0x00007ffade870000 - 0x00007ffade87b000 	C:\Program Files\Java\jdk-18.0.1\bin\management_ext.dll
0x00007ffadbe90000 - 0x00007ffadbea0000 	C:\Program Files\Java\jdk-18.0.1\bin\verify.dll
0x00007ffae57e0000 - 0x00007ffae57f8000 	C:\WINDOWS\SYSTEM32\CRYPTSP.dll
0x00007ffae4f00000 - 0x00007ffae4f34000 	C:\WINDOWS\system32\rsaenh.dll
0x00007ffae6410000 - 0x00007ffae6437000 	C:\WINDOWS\System32\bcrypt.dll
0x00007ffae5e10000 - 0x00007ffae5e3e000 	C:\WINDOWS\SYSTEM32\USERENV.dll
0x00007ffae57d0000 - 0x00007ffae57dc000 	C:\WINDOWS\SYSTEM32\CRYPTBASE.dll
0x00007ffae52d0000 - 0x00007ffae530c000 	C:\WINDOWS\SYSTEM32\IPHLPAPI.DLL
0x00007ffae7110000 - 0x00007ffae7118000 	C:\WINDOWS\System32\NSI.dll
0x00007ffadf7c0000 - 0x00007ffadf7d7000 	C:\WINDOWS\SYSTEM32\dhcpcsvc6.DLL
0x00007ffadfc60000 - 0x00007ffadfc7d000 	C:\WINDOWS\SYSTEM32\dhcpcsvc.DLL
0x00007ffae5310000 - 0x00007ffae53da000 	C:\WINDOWS\SYSTEM32\DNSAPI.dll
0x00007ffadba30000 - 0x00007ffadba3e000 	C:\Program Files\Java\jdk-18.0.1\bin\sunmscapi.dll
0x00007ffae5f10000 - 0x00007ffae606e000 	C:\WINDOWS\System32\CRYPT32.dll
0x00007ffae5960000 - 0x00007ffae5988000 	C:\WINDOWS\SYSTEM32\ncrypt.dll
0x00007ffae5920000 - 0x00007ffae595b000 	C:\WINDOWS\SYSTEM32\NTASN1.dll
0x00007ffabbb90000 - 0x00007ffabbba7000 	C:\WINDOWS\system32\napinsp.dll
0x00007ffabba60000 - 0x00007ffabba7b000 	C:\WINDOWS\system32\pnrpnsp.dll
0x00007ffabba40000 - 0x00007ffabba55000 	C:\WINDOWS\system32\wshbth.dll
0x00007ffae15d0000 - 0x00007ffae15ed000 	C:\WINDOWS\system32\NLAapi.dll
0x00007ffabba20000 - 0x00007ffabba32000 	C:\WINDOWS\System32\winrnr.dll
0x00000000688d0000 - 0x00000000688f6000 	C:\Program Files\Bonjour\mdnsNSP.dll
0x00007ffadbcd0000 - 0x00007ffadbcda000 	C:\Windows\System32\rasadhlp.dll
0x00007ffad8290000 - 0x00007ffad8312000 	C:\WINDOWS\System32\fwpuclnt.dll

dbghelp: loaded successfully - version: 4.0.5 - missing functions: none
symbol engine: initialized successfully - sym options: 0x614 - pdb path: .;C:\Program Files\Java\jdk-18.0.1\bin;C:\WINDOWS\SYSTEM32;C:\WINDOWS\WinSxS\amd64_microsoft.windows.common-controls_6595b64144ccf1df_6.0.19041.1110_none_60b5254171f9507e;C:\Program Files\Java\jdk-18.0.1\bin\server;C:\Program Files\JetBrains\IntelliJ IDEA Community Edition 2023.1.3\bin;C:\Program Files\Bonjour

VM Arguments:
jvm_args: -javaagent:C:\Program Files\JetBrains\IntelliJ IDEA Community Edition 2023.1.3\lib\idea_rt.jar=56207:C:\Program Files\JetBrains\IntelliJ IDEA Community Edition 2023.1.3\bin -Dfile.encoding=UTF-8 -Dsun.stdout.encoding=UTF-8 -Dsun.stderr.encoding=UTF-8 
java_command: com.luan.controleestoque.ControleestoqueApplication
java_class_path (initial): C:\Curso Java\controleestoque\target\classes;C:\Users\ismay\.m2\repository\org\springframework\boot\spring-boot-starter-actuator\3.0.1\spring-boot-starter-actuator-3.0.1.jar;C:\Users\ismay\.m2\repository\org\springframework\boot\spring-boot-actuator-autoconfigure\3.0.1\spring-boot-actuator-autoconfigure-3.0.1.jar;C:\Users\ismay\.m2\repository\org\springframework\boot\spring-boot-actuator\3.0.1\spring-boot-actuator-3.0.1.jar;C:\Users\ismay\.m2\repository\com\fasterxml\jackson\datatype\jackson-datatype-jsr310\2.14.1\jackson-datatype-jsr310-2.14.1.jar;C:\Users\ismay\.m2\repository\io\micrometer\micrometer-observation\1.10.2\micrometer-observation-1.10.2.jar;C:\Users\ismay\.m2\repository\io\micrometer\micrometer-commons\1.10.2\micrometer-commons-1.10.2.jar;C:\Users\ismay\.m2\repository\io\micrometer\micrometer-core\1.10.2\micrometer-core-1.10.2.jar;C:\Users\ismay\.m2\repository\org\hdrhistogram\HdrHistogram\2.1.12\HdrHistogram-2.1.12.jar;C:\Users\ismay\.m2\repository\org\latencyutils\LatencyUtils\2.0.3\LatencyUtils-2.0.3.jar;C:\Users\ismay\.m2\repository\org\modelmapper\modelmapper\3.1.1\modelmapper-3.1.1.jar;C:\Users\ismay\.m2\repository\org\springframework\boot\spring-boot-starter-data-jpa\3.0.1\spring-boot-starter-data-jpa-3.0.1.jar;C:\Users\ismay\.m2\repository\org\springframework\boot\spring-boot-starter-aop\3.0.1\spring-boot-starter-aop-3.0.1.jar;C:\Users\ismay\.m2\repository\org\aspectj\aspectjweaver\1.9.19\aspectjweaver-1.9.19.jar;C:\Users\ismay\.m2\repository\org\springframework\boot\spring-boot-starter-jdbc\3.0.1\spring-boot-starter-jdbc-3.0.1.jar;C:\Users\ismay\.m2\repository\com\zaxxer\HikariCP\5.0.1\HikariCP-5.0.1.jar;C:\Users\ismay\.m2\repository\org\springframework\spring-jdbc\6.0.3\spring-jdbc-6.0.3.jar;C:\Users\ismay\.m2\repository\org\hibernate\orm\hibernate-core\6.1.6.Final\hibernate-core-6.1.6.Final.jar;C:\Users\ismay\.m2\repository\jakarta\persistence\jakarta.persistence-api\3.1.0\jakarta.persistence-api-3.1.0.jar;C:\Users\ismay\.m2\repository\jakarta\transaction\jakarta.transaction-api\2.0.1\jakarta.transaction-api-2.0.1.jar;C:\Users\ismay\.m2\repository\org\jboss\logging\jboss-logging\3.5.0.Final\jboss-logging-3.5.0.Final.jar;C:\Users\ismay\.m2\repository\org\hibernate\common\hibernate-commons-annotations\6.0.2.Final\hibernate-commons-annotations-6.0.2.Final.jar;C:\Users\ismay\.m2\repository\org\jboss\jandex\2.4.2.Final\jandex-2.4.2.Final.jar;C:\Users\ismay\.m2\repository\com\fasterxml\classmate\1.5.1\classmate-1.5.1.jar;C:\Users\ismay\.m2\repository\net\bytebuddy\byte-buddy\1.12.20\byte-buddy-1.12.20.jar;C:\Users\ismay\.m2\repository\org\glassfish\jaxb\jaxb-runtime\4.0.1\jaxb-runtime-4.0.1.jar;C:\Users\ismay\.m2\repository\org\glassfish\jaxb\jaxb-core\4.0.1\jaxb-core-4.0.1.jar;C:\Users\ismay\.m2\repository\org\eclipse\angus\angus-activation\1.0.0\angus-activation-1.0.0.jar;C:\Users\ismay\.m2\repository\org\glassfish\jaxb\txw2\4.0.1\txw2-4.0.1.jar;C:\Users\ismay\.m2\repository\com\sun\istack\istack-commons-runtime\4.1.1\istack-commons-runtime-4.1.1.jar;C:\Users\ismay\.m2\repository\jakarta\inject\jakarta.inject-api\2.0.0\jakarta.inject-api-2.0.0.jar;C:\Users\ismay\.m2\repository\org\antlr\antlr4-runtime\4.10.1\antlr4-runtime-4.10.1.jar;C:\Users\ismay\.m2\repository\org\springframework\data\spring-data-jpa\3.0.0\spring-data-jpa-3.0.0.jar;C:\Users\ismay\.m2\repository\org\springframework\data\spring-data-commons\3.0.0\spring-data-commons-3.0.0.jar;C:\Users\ismay\.m2\repository\org\springframework\spring-orm\6.0.3\spring-orm-6.0.3.jar;C:\Users\ismay\.m2\repository\org\springframework\spring-context\6.0.3\spring-context-6.0.3.jar;C:\Users\ismay\.m2\repository\org\springframework\spring-tx\6.0.3\spring-tx-6.0.3.jar;C:\Users\ismay\.m2\repository\org\springframework\spring-beans\6.0.3\spring-beans-6.0.3.jar;C:\Users\ismay\.m2\repository\org\slf4j\slf4j-api\2.0.6\slf4j-api-2.0.6.jar;C:\Users\ismay\.m2\repository\org\springframework\spring-aspects\6.0.3\spring-aspects-6.0.3.jar;C:\Users\ismay\.m2\repository\org\springframework\boot\spring-boot-starter-data-rest\3.0.1\spring-boot-starter-data-rest-3.0.1.jar;C:\Users\ismay\.m2\repository\org\springframework\data\spring-data-rest-webmvc\4.0.0\spring-data-rest-webmvc-4.0.0.jar;C:\Users\ismay\.m2\repository\org\springframework\data\spring-data-rest-core\4.0.0\spring-data-rest-core-4.0.0.jar;C:\Users\ismay\.m2\repository\org\springframework\hateoas\spring-hateoas\2.0.0\spring-hateoas-2.0.0.jar;C:\Users\ismay\.m2\repository\org\springframework\plugin\spring-plugin-core\3.0.0\spring-plugin-core-3.0.0.jar;C:\Users\ismay\.m2\repository\org\atteo\evo-inflector\1.3\evo-inflector-1.3.jar;C:\Users\ismay\.m2\repository\com\fasterxml\jackson\core\jackson-annotations\2.14.1\jackson-annotations-2.14.1.jar;C:\Users\ismay\.m2\repository\org\springframework\boot\spring-boot-starter-validation\3.0.1\spring-boot-starter-validation-3.0.1.jar;C:\Users\ismay\.m2\repository\org\apache\tomcat\embed\tomcat-embed-el\10.1.4\tomcat-embed-el-10.1.4.jar;C:\Users\ismay\.m2\repository\org\hibernate\validator\hibernate-validator\8.0.0.Final\hibernate-validator-8.0.0.Final.jar;C:\Users\ismay\.m2\repository\jakarta\validation\jakarta.validation-api\3.0.2\jakarta.validation-api-3.0.2.jar;C:\Users\ismay\.m2\repository\org\springframework\boot\spring-boot-starter-web\3.0.1\spring-boot-starter-web-3.0.1.jar;C:\Users\ismay\.m2\repository\org\springframework\boot\spring-boot-starter-json\3.0.1\spring-boot-starter-json-3.0.1.jar;C:\Users\ismay\.m2\repository\com\fasterxml\jackson\datatype\jackson-datatype-jdk8\2.14.1\jackson-datatype-jdk8-2.14.1.jar;C:\Users\ismay\.m2\repository\com\fasterxml\jackson\module\jackson-module-parameter-names\2.14.1\jackson-module-parameter-names-2.14.1.jar;C:\Users\ismay\.m2\repository\org\springframework\boot\spring-boot-starter-tomcat\3.0.1\spring-boot-starter-tomcat-3.0.1.jar;C:\Users\ismay\.m2\repository\org\apache\tomcat\embed\tomcat-embed-core\10.1.4\tomcat-embed-core-10.1.4.jar;C:\Users\ismay\.m2\repository\org\apache\tomcat\embed\tomcat-embed-websocket\10.1.4\tomcat-embed-websocket-10.1.4.jar;C:\Users\ismay\.m2\repository\org\springframework\spring-web\6.0.3\spring-web-6.0.3.jar;C:\Users\ismay\.m2\repository\org\springframework\spring-webmvc\6.0.3\spring-webmvc-6.0.3.jar;C:\Users\ismay\.m2\repository\org\springframework\spring-expression\6.0.3\spring-expression-6.0.3.jar;C:\Users\ismay\.m2\repository\org\springframework\boot\spring-boot-devtools\3.0.1\spring-boot-devtools-3.0.1.jar;C:\Users\ismay\.m2\repository\org\springframework\boot\spring-boot\3.0.1\spring-boot-3.0.1.jar;C:\Users\ismay\.m2\repository\org\springframework\boot\spring-boot-autoconfigure\3.0.1\spring-boot-autoconfigure-3.0.1.jar;C:\Users\ismay\.m2\repository\com\h2database\h2\2.1.214\h2-2.1.214.jar;C:\Users\ismay\.m2\repository\com\jayway\jsonpath\json-path\2.7.0\json-path-2.7.0.jar;C:\Users\ismay\.m2\repository\net\minidev\json-smart\2.4.8\json-smart-2.4.8.jar;C:\Users\ismay\.m2\repository\net\minidev\accessors-smart\2.4.8\accessors-smart-2.4.8.jar;C:\Users\ismay\.m2\repository\org\ow2\asm\asm\9.1\asm-9.1.jar;C:\Users\ismay\.m2\repository\jakarta\xml\bind\jakarta.xml.bind-api\4.0.0\jakarta.xml.bind-api-4.0.0.jar;C:\Users\ismay\.m2\repository\jakarta\activation\jakarta.activation-api\2.1.0\jakarta.activation-api-2.1.0.jar;C:\Users\ismay\.m2\repository\org\springframework\spring-core\6.0.3\spring-core-6.0.3.jar;C:\Users\ismay\.m2\repository\org\springframework\spring-jcl\6.0.3\spring-jcl-6.0.3.jar;C:\Users\ismay\.m2\repository\javax\xml\bind\jaxb-api\2.3.1\jaxb-api-2.3.1.jar;C:\Users\ismay\.m2\repository\javax\activation\javax.activation-api\1.2.0\javax.activation-api-1.2.0.jar;C:\Users\ismay\.m2\repository\mysql\mysql-connector-java\8.0.29\mysql-connector-java-8.0.29.jar;C:\Users\ismay\.m2\repository\org\projectlombok\lombok\1.18.24\lombok-1.18.24.jar;C:\Users\ismay\.m2\repository\org\springframework\security\spring-security-core\6.0.1\spring-security-core-6.0.1.jar;C:\Users\ismay\.m2\repository\org\springframework\security\spring-security-crypto\6.0.1\spring-security-crypto-6.0.1.jar;C:\Users\ismay\.m2\repository\org\springframework\security\spring-security-web\6.0.1\spring-security-web-6.0.1.jar;C:\Users\ismay\.m2\repository\org\springframework\boot\spring-boot-starter-security\3.0.1\spring-boot-starter-security-3.0.1.jar;C:\Users\ismay\.m2\repository\org\springframework\spring-aop\6.0.3\spring-aop-6.0.3.jar;C:\Users\ismay\.m2\repository\org\springframework\security\spring-security-config\6.0.1\spring-security-config-6.0.1.jar;C:\Users\ismay\.m2\repository\org\springframework\boot\spring-boot-starter\3.0.1\spring-boot-starter-3.0.1.jar;C:\Users\ismay\.m2\repository\org\springframework\boot\spring-boot-starter-logging\3.0.1\spring-boot-starter-logging-3.0.1.jar;C:\Users\ismay\.m2\repository\ch\qos\logback\logback-classic\1.4.5\logback-classic-1.4.5.jar;C:\Users\ismay\.m2\repository\ch\qos\logback\logback-core\1.4.5\logback-core-1.4.5.jar;C:\Users\ismay\.m2\repository\org\apache\logging\log4j\log4j-to-slf4j\2.19.0\log4j-to-slf4j-2.19.0.jar;C:\Users\ismay\.m2\repository\org\apache\logging\log4j\log4j-api\2.19.0\log4j-api-2.19.0.jar;C:\Users\ismay\.m2\repository\org\slf4j\jul-to-slf4j\2.0.6\jul-to-slf4j-2.0.6.jar;C:\Users\ismay\.m2\repository\jakarta\annotation\jakarta.annotation-api\2.1.1\jakarta.annotation-api-2.1.1.jar;C:\Users\ismay\.m2\repository\org\yaml\snakeyaml\1.33\snakeyaml-1.33.jar;C:\Users\ismay\.m2\repository\io\jsonwebtoken\jjwt\0.9.1\jjwt-0.9.1.jar;C:\Users\ismay\.m2\repository\com\fasterxml\jackson\core\jackson-databind\2.14.1\jackson-databind-2.14.1.jar;C:\Users\ismay\.m2\repository\com\fasterxml\jackson\core\jackson-core\2.14.1\jackson-core-2.14.1.jar
Launcher Type: SUN_STANDARD

[Global flags]
     intx CICompilerCount                          = 3                                         {product} {ergonomic}
     uint ConcGCThreads                            = 1                                         {product} {ergonomic}
     uint G1ConcRefinementThreads                  = 4                                         {product} {ergonomic}
   size_t G1HeapRegionSize                         = 2097152                                   {product} {ergonomic}
    uintx GCDrainStackTargetSize                   = 64                                        {product} {ergonomic}
   size_t InitialHeapSize                          = 201326592                                 {product} {ergonomic}
   size_t MarkStackSize                            = 4194304                                   {product} {ergonomic}
   size_t MaxHeapSize                              = 3210739712                                {product} {ergonomic}
   size_t MaxNewSize                               = 1925185536                                {product} {ergonomic}
   size_t MinHeapDeltaBytes                        = 2097152                                   {product} {ergonomic}
   size_t MinHeapSize                              = 8388608                                   {product} {ergonomic}
    uintx NonNMethodCodeHeapSize                   = 5832780                                {pd product} {ergonomic}
    uintx NonProfiledCodeHeapSize                  = 122912730                              {pd product} {ergonomic}
    uintx ProfiledCodeHeapSize                     = 122912730                              {pd product} {ergonomic}
    uintx ReservedCodeCacheSize                    = 251658240                              {pd product} {ergonomic}
     bool SegmentedCodeCache                       = true                                      {product} {ergonomic}
   size_t SoftMaxHeapSize                          = 3210739712                             {manageable} {ergonomic}
     bool UseCompressedClassPointers               = true                           {product lp64_product} {ergonomic}
     bool UseCompressedOops                        = true                           {product lp64_product} {ergonomic}
     bool UseG1GC                                  = true                                      {product} {ergonomic}
     bool UseLargePagesIndividualAllocation        = false                                  {pd product} {ergonomic}

Logging:
Log output configuration:
 #0: stdout all=warning uptime,level,tags foldmultilines=false
 #1: stderr all=off uptime,level,tags foldmultilines=false

Environment Variables:
JAVA_HOME=C:\Program Files\Java\jdk-18.0.1
CLASSPATH=.;C:\Program Files\Java\jdk-18.0.1\lib;
PATH=C:\Program Files\Common Files\Oracle\Java\javapath;C:\Windows\system32;C:\Windows;C:\Windows\System32\Wbem;C:\Windows\System32\WindowsPowerShell\v1.0\;C:\Windows\System32\OpenSSH\;C:\Program Files (x86)\NVIDIA Corporation\PhysX\Common;C:\Program Files\Java\jdk-18.0.1\bin;C:\Program Files\NVIDIA Corporation\NVIDIA NvDLISR;C:\Program Files\Git\cmd;C:\Users\ismay\AppData\Local\Microsoft\WindowsApps;;C:\Users\ismay\AppData\Local\Programs\Microsoft VS Code\bin
USERNAME=ismay
OS=Windows_NT
PROCESSOR_IDENTIFIER=Intel64 Family 6 Model 158 Stepping 9, GenuineIntel



---------------  S Y S T E M  ---------------

OS:
 Windows 10 , 64 bit Build 19041 (10.0.19041.3031)
OS uptime: 7 days 22:24 hours

CPU: total 4 (initial active 4) (4 cores per cpu, 1 threads per core) family 6 model 158 stepping 9 microcode 0xb4, cx8, cmov, fxsr, mmx, 3dnowpref, sse, sse2, sse3, ssse3, sse4.1, sse4.2, popcnt, lzcnt, tsc, tscinvbit, avx, avx2, aes, erms, clmul, bmi1, bmi2, adx, fma, vzeroupper, clflush, clflushopt

Memory: 4k page, system-wide physical 12243M (4819M free)
TotalPageFile size 26479M (AvailPageFile size 26M)
current process WorkingSet (physical memory assigned to process): 367M, peak: 371M
current process commit charge ("private bytes"): 401M, peak: 416M

vm_info: Java HotSpot(TM) 64-Bit Server VM (18.0.1+10-24) for windows-amd64 JRE (18.0.1+10-24), built on Mar  9 2022 22:41:56 by "mach5one" with MS VC++ 16.8 / 16.9 (VS2019)

END.
